Сборка начата 12.09.2018 6:44:39.
     1>Проект "C:\Users\Богдан\Desktop\ashtan-mp2-lab1-set-4529b0302960\sln\vc10\bitfield\bitfield.vcxproj" в узле 2 (целевые объекты Build).
     1>ClCompile:
         C:\Program Files (x86)\Microsoft Visual Studio 12.0\VC\bin\CL.exe /c /I../../../include /ZI /nologo /W3 /WX- /Od /Oy- /D WIN32 /D _DEBUG /D _LIB /D _UNICODE /D UNICODE /Gm /EHsc /RTC1 /MDd /GS /fp:precise /Zc:wchar_t /Zc:forScope /Fo"Debug\\" /Fd"Debug\vc120.pdb" /Gd /TP /analyze- /errorReport:prompt ..\..\..\src\tbitfield.cpp ..\..\..\src\tset.cpp
         tset.cpp
         tbitfield.cpp
         Создание кода...
     1>c:\users\богдан\desktop\ashtan-mp2-lab1-set-4529b0302960\src\tbitfield.cpp(28): error C4716: TBitField::GetMemMask: должна возвращать значение
     1>c:\users\богдан\desktop\ashtan-mp2-lab1-set-4529b0302960\src\tbitfield.cpp(68): error C4716: TBitField::operator|: должна возвращать значение
     1>c:\users\богдан\desktop\ashtan-mp2-lab1-set-4529b0302960\src\tbitfield.cpp(24): error C4716: TBitField::GetMemIndex: должна возвращать значение
     1>c:\users\богдан\desktop\ashtan-mp2-lab1-set-4529b0302960\src\tbitfield.cpp(72): error C4716: TBitField::operator&: должна возвращать значение
     1>c:\users\богдан\desktop\ashtan-mp2-lab1-set-4529b0302960\src\tbitfield.cpp(54): error C4716: TBitField::operator=: должна возвращать значение
     1>c:\users\богдан\desktop\ashtan-mp2-lab1-set-4529b0302960\src\tbitfield.cpp(82): error C4716: operator>>: должна возвращать значение
     1>c:\users\богдан\desktop\ashtan-mp2-lab1-set-4529b0302960\src\tbitfield.cpp(86): error C4716: operator<<: должна возвращать значение
     1>c:\users\богдан\desktop\ashtan-mp2-lab1-set-4529b0302960\src\tbitfield.cpp(76): error C4716: TBitField::operator~: должна возвращать значение
     1>c:\users\богдан\desktop\ashtan-mp2-lab1-set-4529b0302960\src\tset.cpp(26): error C4716: TSet::operator TBitField: должна возвращать значение
     1>c:\users\богдан\desktop\ashtan-mp2-lab1-set-4529b0302960\src\tset.cpp(30): error C4716: TSet::GetMaxPower: должна возвращать значение
     1>c:\users\богдан\desktop\ashtan-mp2-lab1-set-4529b0302960\src\tset.cpp(49): error C4716: TSet::operator=: должна возвращать значение
     1>c:\users\богдан\desktop\ashtan-mp2-lab1-set-4529b0302960\src\tset.cpp(58): error C4716: TSet::operator!=: должна возвращать значение
     1>c:\users\богдан\desktop\ashtan-mp2-lab1-set-4529b0302960\src\tset.cpp(62): error C4716: TSet::operator+: должна возвращать значение
     1>c:\users\богдан\desktop\ashtan-mp2-lab1-set-4529b0302960\src\tset.cpp(66): error C4716: TSet::operator+: должна возвращать значение
     1>c:\users\богдан\desktop\ashtan-mp2-lab1-set-4529b0302960\src\tset.cpp(70): error C4716: TSet::operator-: должна возвращать значение
     1>c:\users\богдан\desktop\ashtan-mp2-lab1-set-4529b0302960\src\tset.cpp(74): error C4716: TSet::operator*: должна возвращать значение
     1>c:\users\богдан\desktop\ashtan-mp2-lab1-set-4529b0302960\src\tset.cpp(84): error C4716: operator>>: должна возвращать значение
     1>c:\users\богдан\desktop\ashtan-mp2-lab1-set-4529b0302960\src\tset.cpp(88): error C4716: operator<<: должна возвращать значение
     1>c:\users\богдан\desktop\ashtan-mp2-lab1-set-4529b0302960\src\tset.cpp(78): error C4716: TSet::operator~: должна возвращать значение
     1>Сборка проекта "C:\Users\Богдан\Desktop\ashtan-mp2-lab1-set-4529b0302960\sln\vc10\bitfield\bitfield.vcxproj" завершена (целевые объекты Build) с ошибкой.

Ошибка сборки.

Затраченное время: 00:00:01.85
